<?xml version="1.0" encoding="UTF-8"?>
<testsuite xmlns:xsi="http://www.w3.org/2001/XMLSchema-instance" xsi:noNamespaceSchemaLocation="https://maven.apache.org/surefire/maven-surefire-plugin/xsd/surefire-test-report-3.0.xsd" version="3.0" name="TestSuite" time="46.992" tests="7" errors="0" skipped="0" failures="0">
  <properties>
    <property name="gopherProxySet" value="false"/>
    <property name="awt.toolkit" value="sun.lwawt.macosx.LWCToolkit"/>
    <property name="java.specification.version" value="11"/>
    <property name="sun.cpu.isalist" value=""/>
    <property name="sun.jnu.encoding" value="UTF-8"/>
    <property name="java.class.path" value="/Users/snagarajan/Desktop/ApiTestAutomation/GitlabTestng/Selenium-PageObject-Java-AutomationFramework-master/target/test-classes:/Users/snagarajan/Desktop/ApiTestAutomation/GitlabTestng/Selenium-PageObject-Java-AutomationFramework-master/target/classes:/Users/snagarajan/.m2/repository/org/testng/testng/6.11/testng-6.11.jar:/Users/snagarajan/.m2/repository/com/beust/jcommander/1.64/jcommander-1.64.jar:/Users/snagarajan/.m2/repository/org/yaml/snakeyaml/1.17/snakeyaml-1.17.jar:/Users/snagarajan/.m2/repository/com/aventstack/extentreports/4.0.9/extentreports-4.0.9.jar:/Users/snagarajan/.m2/repository/org/freemarker/freemarker/2.3.23/freemarker-2.3.23.jar:/Users/snagarajan/.m2/repository/org/mongodb/mongodb-driver/3.3.0/mongodb-driver-3.3.0.jar:/Users/snagarajan/.m2/repository/org/mongodb/mongodb-driver-core/3.3.0/mongodb-driver-core-3.3.0.jar:/Users/snagarajan/.m2/repository/org/mongodb/bson/3.3.0/bson-3.3.0.jar:/Users/snagarajan/.m2/repository/org/apache/httpcomponents/httpclient/4.5.2/httpclient-4.5.2.jar:/Users/snagarajan/.m2/repository/org/apache/httpcomponents/httpcore/4.4.4/httpcore-4.4.4.jar:/Users/snagarajan/.m2/repository/commons-logging/commons-logging/1.2/commons-logging-1.2.jar:/Users/snagarajan/.m2/repository/commons-codec/commons-codec/1.9/commons-codec-1.9.jar:/Users/snagarajan/.m2/repository/org/apache/httpcomponents/httpmime/4.5.2/httpmime-4.5.2.jar:/Users/snagarajan/.m2/repository/com/google/code/gson/gson/2.8.5/gson-2.8.5.jar:/Users/snagarajan/.m2/repository/log4j/log4j/1.2.17/log4j-1.2.17.jar:/Users/snagarajan/.m2/repository/io/github/bonigarcia/webdrivermanager/5.3.0/webdrivermanager-5.3.0.jar:/Users/snagarajan/.m2/repository/org/slf4j/slf4j-api/1.7.36/slf4j-api-1.7.36.jar:/Users/snagarajan/.m2/repository/com/github/docker-java/docker-java/3.2.13/docker-java-3.2.13.jar:/Users/snagarajan/.m2/repository/com/github/docker-java/docker-java-core/3.2.13/docker-java-core-3.2.13.jar:/Users/snagarajan/.m2/repository/com/github/docker-java/docker-java-api/3.2.13/docker-java-api-3.2.13.jar:/Users/snagarajan/.m2/repository/com/fasterxml/jackson/core/jackson-annotations/2.10.3/jackson-annotations-2.10.3.jar:/Users/snagarajan/.m2/repository/commons-io/commons-io/2.6/commons-io-2.6.jar:/Users/snagarajan/.m2/repository/org/apache/commons/commons-compress/1.21/commons-compress-1.21.jar:/Users/snagarajan/.m2/repository/com/fasterxml/jackson/core/jackson-databind/2.10.3/jackson-databind-2.10.3.jar:/Users/snagarajan/.m2/repository/com/fasterxml/jackson/core/jackson-core/2.10.3/jackson-core-2.10.3.jar:/Users/snagarajan/.m2/repository/org/bouncycastle/bcpkix-jdk15on/1.64/bcpkix-jdk15on-1.64.jar:/Users/snagarajan/.m2/repository/org/bouncycastle/bcprov-jdk15on/1.64/bcprov-jdk15on-1.64.jar:/Users/snagarajan/.m2/repository/org/slf4j/jcl-over-slf4j/1.7.30/jcl-over-slf4j-1.7.30.jar:/Users/snagarajan/.m2/repository/com/github/docker-java/docker-java-transport-httpclient5/3.2.13/docker-java-transport-httpclient5-3.2.13.jar:/Users/snagarajan/.m2/repository/com/github/docker-java/docker-java-transport/3.2.13/docker-java-transport-3.2.13.jar:/Users/snagarajan/.m2/repository/net/java/dev/jna/jna/5.8.0/jna-5.8.0.jar:/Users/snagarajan/.m2/repository/org/brotli/dec/0.1.2/dec-0.1.2.jar:/Users/snagarajan/.m2/repository/org/apache/commons/commons-lang3/3.12.0/commons-lang3-3.12.0.jar:/Users/snagarajan/.m2/repository/org/apache/httpcomponents/client5/httpclient5/5.1.3/httpclient5-5.1.3.jar:/Users/snagarajan/.m2/repository/org/apache/httpcomponents/core5/httpcore5/5.1.3/httpcore5-5.1.3.jar:/Users/snagarajan/.m2/repository/org/apache/httpcomponents/core5/httpcore5-h2/5.1.3/httpcore5-h2-5.1.3.jar:/Users/snagarajan/.m2/repository/org/seleniumhq/selenium/selenium-java/3.141.59/selenium-java-3.141.59.jar:/Users/snagarajan/.m2/repository/org/seleniumhq/selenium/selenium-api/3.141.59/selenium-api-3.141.59.jar:/Users/snagarajan/.m2/repository/org/seleniumhq/selenium/selenium-chrome-driver/3.141.59/selenium-chrome-driver-3.141.59.jar:/Users/snagarajan/.m2/repository/org/seleniumhq/selenium/selenium-edge-driver/3.141.59/selenium-edge-driver-3.141.59.jar:/Users/snagarajan/.m2/repository/org/seleniumhq/selenium/selenium-firefox-driver/3.141.59/selenium-firefox-driver-3.141.59.jar:/Users/snagarajan/.m2/repository/org/seleniumhq/selenium/selenium-ie-driver/3.141.59/selenium-ie-driver-3.141.59.jar:/Users/snagarajan/.m2/repository/org/seleniumhq/selenium/selenium-opera-driver/3.141.59/selenium-opera-driver-3.141.59.jar:/Users/snagarajan/.m2/repository/org/seleniumhq/selenium/selenium-remote-driver/3.141.59/selenium-remote-driver-3.141.59.jar:/Users/snagarajan/.m2/repository/org/seleniumhq/selenium/selenium-safari-driver/3.141.59/selenium-safari-driver-3.141.59.jar:/Users/snagarajan/.m2/repository/org/seleniumhq/selenium/selenium-support/3.141.59/selenium-support-3.141.59.jar:/Users/snagarajan/.m2/repository/net/bytebuddy/byte-buddy/1.8.15/byte-buddy-1.8.15.jar:/Users/snagarajan/.m2/repository/org/apache/commons/commons-exec/1.3/commons-exec-1.3.jar:/Users/snagarajan/.m2/repository/com/google/guava/guava/25.0-jre/guava-25.0-jre.jar:/Users/snagarajan/.m2/repository/com/google/code/findbugs/jsr305/1.3.9/jsr305-1.3.9.jar:/Users/snagarajan/.m2/repository/org/checkerframework/checker-compat-qual/2.0.0/checker-compat-qual-2.0.0.jar:/Users/snagarajan/.m2/repository/com/google/errorprone/error_prone_annotations/2.1.3/error_prone_annotations-2.1.3.jar:/Users/snagarajan/.m2/repository/com/google/j2objc/j2objc-annotations/1.1/j2objc-annotations-1.1.jar:/Users/snagarajan/.m2/repository/org/codehaus/mojo/animal-sniffer-annotations/1.14/animal-sniffer-annotations-1.14.jar:/Users/snagarajan/.m2/repository/com/squareup/okhttp3/okhttp/3.11.0/okhttp-3.11.0.jar:/Users/snagarajan/.m2/repository/com/squareup/okio/okio/1.14.0/okio-1.14.0.jar:"/>
    <property name="java.vm.vendor" value="Oracle Corporation"/>
    <property name="sun.arch.data.model" value="64"/>
    <property name="java.vendor.url" value="https://openjdk.java.net/"/>
    <property name="user.timezone" value=""/>
    <property name="java.vm.specification.version" value="11"/>
    <property name="os.name" value="Mac OS X"/>
    <property name="sun.java.launcher" value="SUN_STANDARD"/>
    <property name="user.country" value="IN"/>
    <property name="sun.boot.library.path" value="/Library/Java/JavaVirtualMachines/jdk-11.0.11.jdk/Contents/Home/lib"/>
    <property name="sun.java.command" value="/Users/snagarajan/Desktop/ApiTestAutomation/GitlabTestng/Selenium-PageObject-Java-AutomationFramework-master/target/surefire/surefirebooter15278330477039606590.jar /Users/snagarajan/Desktop/ApiTestAutomation/GitlabTestng/Selenium-PageObject-Java-AutomationFramework-master/target/surefire 2022-10-20T19-40-20_212-jvmRun1 surefire14448904066671996682tmp surefire_015919683935922072997tmp"/>
    <property name="jdk.debug" value="release"/>
    <property name="surefire.test.class.path" value="/Users/snagarajan/Desktop/ApiTestAutomation/GitlabTestng/Selenium-PageObject-Java-AutomationFramework-master/target/test-classes:/Users/snagarajan/Desktop/ApiTestAutomation/GitlabTestng/Selenium-PageObject-Java-AutomationFramework-master/target/classes:/Users/snagarajan/.m2/repository/org/testng/testng/6.11/testng-6.11.jar:/Users/snagarajan/.m2/repository/com/beust/jcommander/1.64/jcommander-1.64.jar:/Users/snagarajan/.m2/repository/org/yaml/snakeyaml/1.17/snakeyaml-1.17.jar:/Users/snagarajan/.m2/repository/com/aventstack/extentreports/4.0.9/extentreports-4.0.9.jar:/Users/snagarajan/.m2/repository/org/freemarker/freemarker/2.3.23/freemarker-2.3.23.jar:/Users/snagarajan/.m2/repository/org/mongodb/mongodb-driver/3.3.0/mongodb-driver-3.3.0.jar:/Users/snagarajan/.m2/repository/org/mongodb/mongodb-driver-core/3.3.0/mongodb-driver-core-3.3.0.jar:/Users/snagarajan/.m2/repository/org/mongodb/bson/3.3.0/bson-3.3.0.jar:/Users/snagarajan/.m2/repository/org/apache/httpcomponents/httpclient/4.5.2/httpclient-4.5.2.jar:/Users/snagarajan/.m2/repository/org/apache/httpcomponents/httpcore/4.4.4/httpcore-4.4.4.jar:/Users/snagarajan/.m2/repository/commons-logging/commons-logging/1.2/commons-logging-1.2.jar:/Users/snagarajan/.m2/repository/commons-codec/commons-codec/1.9/commons-codec-1.9.jar:/Users/snagarajan/.m2/repository/org/apache/httpcomponents/httpmime/4.5.2/httpmime-4.5.2.jar:/Users/snagarajan/.m2/repository/com/google/code/gson/gson/2.8.5/gson-2.8.5.jar:/Users/snagarajan/.m2/repository/log4j/log4j/1.2.17/log4j-1.2.17.jar:/Users/snagarajan/.m2/repository/io/github/bonigarcia/webdrivermanager/5.3.0/webdrivermanager-5.3.0.jar:/Users/snagarajan/.m2/repository/org/slf4j/slf4j-api/1.7.36/slf4j-api-1.7.36.jar:/Users/snagarajan/.m2/repository/com/github/docker-java/docker-java/3.2.13/docker-java-3.2.13.jar:/Users/snagarajan/.m2/repository/com/github/docker-java/docker-java-core/3.2.13/docker-java-core-3.2.13.jar:/Users/snagarajan/.m2/repository/com/github/docker-java/docker-java-api/3.2.13/docker-java-api-3.2.13.jar:/Users/snagarajan/.m2/repository/com/fasterxml/jackson/core/jackson-annotations/2.10.3/jackson-annotations-2.10.3.jar:/Users/snagarajan/.m2/repository/commons-io/commons-io/2.6/commons-io-2.6.jar:/Users/snagarajan/.m2/repository/org/apache/commons/commons-compress/1.21/commons-compress-1.21.jar:/Users/snagarajan/.m2/repository/com/fasterxml/jackson/core/jackson-databind/2.10.3/jackson-databind-2.10.3.jar:/Users/snagarajan/.m2/repository/com/fasterxml/jackson/core/jackson-core/2.10.3/jackson-core-2.10.3.jar:/Users/snagarajan/.m2/repository/org/bouncycastle/bcpkix-jdk15on/1.64/bcpkix-jdk15on-1.64.jar:/Users/snagarajan/.m2/repository/org/bouncycastle/bcprov-jdk15on/1.64/bcprov-jdk15on-1.64.jar:/Users/snagarajan/.m2/repository/org/slf4j/jcl-over-slf4j/1.7.30/jcl-over-slf4j-1.7.30.jar:/Users/snagarajan/.m2/repository/com/github/docker-java/docker-java-transport-httpclient5/3.2.13/docker-java-transport-httpclient5-3.2.13.jar:/Users/snagarajan/.m2/repository/com/github/docker-java/docker-java-transport/3.2.13/docker-java-transport-3.2.13.jar:/Users/snagarajan/.m2/repository/net/java/dev/jna/jna/5.8.0/jna-5.8.0.jar:/Users/snagarajan/.m2/repository/org/brotli/dec/0.1.2/dec-0.1.2.jar:/Users/snagarajan/.m2/repository/org/apache/commons/commons-lang3/3.12.0/commons-lang3-3.12.0.jar:/Users/snagarajan/.m2/repository/org/apache/httpcomponents/client5/httpclient5/5.1.3/httpclient5-5.1.3.jar:/Users/snagarajan/.m2/repository/org/apache/httpcomponents/core5/httpcore5/5.1.3/httpcore5-5.1.3.jar:/Users/snagarajan/.m2/repository/org/apache/httpcomponents/core5/httpcore5-h2/5.1.3/httpcore5-h2-5.1.3.jar:/Users/snagarajan/.m2/repository/org/seleniumhq/selenium/selenium-java/3.141.59/selenium-java-3.141.59.jar:/Users/snagarajan/.m2/repository/org/seleniumhq/selenium/selenium-api/3.141.59/selenium-api-3.141.59.jar:/Users/snagarajan/.m2/repository/org/seleniumhq/selenium/selenium-chrome-driver/3.141.59/selenium-chrome-driver-3.141.59.jar:/Users/snagarajan/.m2/repository/org/seleniumhq/selenium/selenium-edge-driver/3.141.59/selenium-edge-driver-3.141.59.jar:/Users/snagarajan/.m2/repository/org/seleniumhq/selenium/selenium-firefox-driver/3.141.59/selenium-firefox-driver-3.141.59.jar:/Users/snagarajan/.m2/repository/org/seleniumhq/selenium/selenium-ie-driver/3.141.59/selenium-ie-driver-3.141.59.jar:/Users/snagarajan/.m2/repository/org/seleniumhq/selenium/selenium-opera-driver/3.141.59/selenium-opera-driver-3.141.59.jar:/Users/snagarajan/.m2/repository/org/seleniumhq/selenium/selenium-remote-driver/3.141.59/selenium-remote-driver-3.141.59.jar:/Users/snagarajan/.m2/repository/org/seleniumhq/selenium/selenium-safari-driver/3.141.59/selenium-safari-driver-3.141.59.jar:/Users/snagarajan/.m2/repository/org/seleniumhq/selenium/selenium-support/3.141.59/selenium-support-3.141.59.jar:/Users/snagarajan/.m2/repository/net/bytebuddy/byte-buddy/1.8.15/byte-buddy-1.8.15.jar:/Users/snagarajan/.m2/repository/org/apache/commons/commons-exec/1.3/commons-exec-1.3.jar:/Users/snagarajan/.m2/repository/com/google/guava/guava/25.0-jre/guava-25.0-jre.jar:/Users/snagarajan/.m2/repository/com/google/code/findbugs/jsr305/1.3.9/jsr305-1.3.9.jar:/Users/snagarajan/.m2/repository/org/checkerframework/checker-compat-qual/2.0.0/checker-compat-qual-2.0.0.jar:/Users/snagarajan/.m2/repository/com/google/errorprone/error_prone_annotations/2.1.3/error_prone_annotations-2.1.3.jar:/Users/snagarajan/.m2/repository/com/google/j2objc/j2objc-annotations/1.1/j2objc-annotations-1.1.jar:/Users/snagarajan/.m2/repository/org/codehaus/mojo/animal-sniffer-annotations/1.14/animal-sniffer-annotations-1.14.jar:/Users/snagarajan/.m2/repository/com/squareup/okhttp3/okhttp/3.11.0/okhttp-3.11.0.jar:/Users/snagarajan/.m2/repository/com/squareup/okio/okio/1.14.0/okio-1.14.0.jar:"/>
    <property name="sun.cpu.endian" value="little"/>
    <property name="user.home" value="/Users/snagarajan"/>
    <property name="user.language" value="en"/>
    <property name="java.specification.vendor" value="Oracle Corporation"/>
    <property name="executionMode" value="Local"/>
    <property name="java.version.date" value="2021-04-20"/>
    <property name="java.home" value="/Library/Java/JavaVirtualMachines/jdk-11.0.11.jdk/Contents/Home"/>
    <property name="file.separator" value="/"/>
    <property name="basedir" value="/Users/snagarajan/Desktop/ApiTestAutomation/GitlabTestng/Selenium-PageObject-Java-AutomationFramework-master"/>
    <property name="java.vm.compressedOopsMode" value="Zero based"/>
    <property name="line.separator" value="&#10;"/>
    <property name="java.specification.name" value="Java Platform API Specification"/>
    <property name="java.vm.specification.vendor" value="Oracle Corporation"/>
    <property name="java.awt.graphicsenv" value="sun.awt.CGraphicsEnvironment"/>
    <property name="surefire.real.class.path" value="/Users/snagarajan/Desktop/ApiTestAutomation/GitlabTestng/Selenium-PageObject-Java-AutomationFramework-master/target/surefire/surefirebooter15278330477039606590.jar"/>
    <property name="sun.management.compiler" value="HotSpot 64-Bit Tiered Compilers"/>
    <property name="java.runtime.version" value="11.0.11+9-LTS-194"/>
    <property name="user.name" value="snagarajan"/>
    <property name="path.separator" value=":"/>
    <property name="os.version" value="10.16"/>
    <property name="java.runtime.name" value="Java(TM) SE Runtime Environment"/>
    <property name="file.encoding" value="US-ASCII"/>
    <property name="java.vm.name" value="Java HotSpot(TM) 64-Bit Server VM"/>
    <property name="java.vendor.version" value="18.9"/>
    <property name="localRepository" value="/Users/snagarajan/.m2/repository"/>
    <property name="java.vendor.url.bug" value="https://bugreport.java.com/bugreport/"/>
    <property name="java.io.tmpdir" value="/var/folders/ld/c1fc71r93jbbc_kzkn7jl0h40000gp/T/"/>
    <property name="java.version" value="11.0.11"/>
    <property name="user.dir" value="/Users/snagarajan/Desktop/ApiTestAutomation/GitlabTestng/Selenium-PageObject-Java-AutomationFramework-master"/>
    <property name="os.arch" value="x86_64"/>
    <property name="java.vm.specification.name" value="Java Virtual Machine Specification"/>
    <property name="java.awt.printerjob" value="sun.lwawt.macosx.CPrinterJob"/>
    <property name="sun.os.patch.level" value="unknown"/>
    <property name="java.library.path" value="/Users/snagarajan/Library/Java/Extensions:/Library/Java/Extensions:/Network/Library/Java/Extensions:/System/Library/Java/Extensions:/usr/lib/java:."/>
    <property name="java.vendor" value="Oracle Corporation"/>
    <property name="java.vm.info" value="mixed mode"/>
    <property name="java.vm.version" value="11.0.11+9-LTS-194"/>
    <property name="XML" value="test.xml"/>
    <property name="sun.io.unicode.encoding" value="UnicodeBig"/>
    <property name="java.class.version" value="55.0"/>
  </properties>
  <testcase name="TC_01_DYNAMIC_LINK_VALIDATION" classname="TestCases.UiTestingPlayGroundCases" time="0.809"/>
  <testcase name="TC_02_DYNAMIC_WEB_TABLE_VALIDATION" classname="TestCases.UiTestingPlayGroundCases" time="1.11"/>
  <testcase name="TC_03_ENTERING_TEXT_IN_OVERLAPPED_ELEMENT_VALIDATION" classname="TestCases.UiTestingPlayGroundCases" time="0.771"/>
  <testcase name="TC04_Non_Breaking_Space" classname="TestCases.UiTestingPlayGroundCases" time="1.223"/>
  <testcase name="TC05_VISIBILITY_TEST" classname="TestCases.UiTestingPlayGroundCases" time="0.712"/>
  <testcase name="TC06_AJAX_DATA_TEST" classname="TestCases.UiTestingPlayGroundCases" time="16.366"/>
  <testcase name="TC7_LOAD_DELAY_TEST" classname="TestCases.UiTestingPlayGroundCases" time="5.612"/>
</testsuite>