<?xml version="1.0" encoding="UTF-8"?>
<!-- Generated by org.testng.reporters.JUnitReportReporter -->
<testsuite hostname="snagarajan-MacBook-Pro" failures="0" tests="7" name="TestCases.UiTestingPlayGroundCases" time="42.799" errors="0" timestamp="08 Oct 2022 07:01:54 GMT" skipped="0">
  <testcase classname="TestCases.UiTestingPlayGroundCases" name="TC_01_DYNAMIC_LINK_VALIDATION" time="3.174"/>
  <testcase classname="TestCases.UiTestingPlayGroundCases" name="TC_02_DYNAMIC_WEB_TABLE_VALIDATION" time="3.014"/>
  <testcase classname="TestCases.UiTestingPlayGroundCases" name="TC_03_ENTERING_TEXT_IN_OVERLAPPED_ELEMENT_VALIDATION" time="3.005"/>
  <testcase classname="TestCases.UiTestingPlayGroundCases" name="TC04_Non_Breaking_Space" time="3.127"/>
  <testcase classname="TestCases.UiTestingPlayGroundCases" name="TC05_VISIBILITY_TEST" time="3.507"/>
  <testcase classname="TestCases.UiTestingPlayGroundCases" name="TC06_AJAX_DATA_TEST" time="18.714"/>
  <testcase classname="TestCases.UiTestingPlayGroundCases" name="TC7_LOAD_DELAY_TEST" time="8.258"/>
</testsuite> <!-- TestCases.UiTestingPlayGroundCases -->
