<?xml version="1.0" encoding="UTF-8"?>
<!-- Generated by org.testng.reporters.JUnitReportReporter -->
<testsuite hostname="snagarajan-MacBook-Pro" failures="0" tests="7" name="TestCases.UiTestingPlayGroundCases" time="40.759" errors="0" timestamp="20 Oct 2022 14:11:07 GMT" skipped="0">
  <testcase classname="TestCases.UiTestingPlayGroundCases" name="TC_01_DYNAMIC_LINK_VALIDATION" time="2.820"/>
  <testcase classname="TestCases.UiTestingPlayGroundCases" name="TC_02_DYNAMIC_WEB_TABLE_VALIDATION" time="3.136"/>
  <testcase classname="TestCases.UiTestingPlayGroundCases" name="TC_03_ENTERING_TEXT_IN_OVERLAPPED_ELEMENT_VALIDATION" time="2.787"/>
  <testcase classname="TestCases.UiTestingPlayGroundCases" name="TC04_Non_Breaking_Space" time="3.238"/>
  <testcase classname="TestCases.UiTestingPlayGroundCases" name="TC05_VISIBILITY_TEST" time="2.741"/>
  <testcase classname="TestCases.UiTestingPlayGroundCases" name="TC06_AJAX_DATA_TEST" time="18.393"/>
  <testcase classname="TestCases.UiTestingPlayGroundCases" name="TC7_LOAD_DELAY_TEST" time="7.644"/>
</testsuite> <!-- TestCases.UiTestingPlayGroundCases -->
